Using pre-set license
Built from '2020.3/staging' branch; Version is '2020.3.3f1 (76626098c1c4) revision 7758432'; Using compiler version '192528614'; Build Type 'Release'
OS: 'Windows 10 Home; OS build 19042.867; Version 2009; 64bit' Language: 'ja' Physical Memory: 8109 MB
BatchMode: 1, IsHumanControllingUs: 0, StartBugReporterOnCrash: 0, Is64bit: 1, IsPro: 0

 COMMAND LINE ARGUMENTS:
C:\Program Files\Unity\Hub\Editor\2020.3.3f1\Editor\Unity.exe
-adb2
-batchMode
-noUpm
-name
AssetImportWorker0
-projectPath
C:/houti-game/houti-game
-logFile
Logs/AssetImportWorker0.log
-srvPort
62980
Successfully changed project path to: C:/houti-game/houti-game
C:/houti-game/houti-game
Using Asset Import Pipeline V2.
Refreshing native plugins compatible for Editor in 55.02 ms, found 1 plugins.
Preloading 0 native plugins for Editor in 0.00 ms.
Initialize engine version: 2020.3.3f1 (76626098c1c4)
[Subsystems] Discovering subsystems at path C:/Program Files/Unity/Hub/Editor/2020.3.3f1/Editor/Data/Resources/UnitySubsystems
[Subsystems] Discovering subsystems at path C:/houti-game/houti-game/Assets
GfxDevice: creating device client; threaded=0
Direct3D:
    Version:  Direct3D 11.0 [level 11.1]
    Renderer: Intel(R) UHD Graphics 620 (ID=0x5917)
    Vendor:   
    VRAM:     4054 MB
    Driver:   27.20.100.8681
Initialize mono
Mono path[0] = 'C:/Program Files/Unity/Hub/Editor/2020.3.3f1/Editor/Data/Managed'
Mono path[1] = 'C:/Program Files/Unity/Hub/Editor/2020.3.3f1/Editor/Data/MonoBleedingEdge/lib/mono/unityjit'
Mono config path = 'C:/Program Files/Unity/Hub/Editor/2020.3.3f1/Editor/Data/MonoBleedingEdge/etc'
Using monoOptions --debugger-agent=transport=dt_socket,embedding=1,server=y,suspend=n,address=127.0.0.1:56724
Begin MonoManager ReloadAssembly
Registering precompiled unity dll's ...
Register platform support module: C:/Program Files/Unity/Hub/Editor/2020.3.3f1/Editor/Data/PlaybackEngines/WindowsStandaloneSupport/UnityEditor.WindowsStandalone.Extensions.dll
Registered in 0.002731 seconds.
Native extension for WindowsStandalone target not found
Refreshing native plugins compatible for Editor in 48.96 ms, found 1 plugins.
Preloading 0 native plugins for Editor in 0.00 ms.
Invoked RoslynAnalysisRunner static constructor.
RoslynAnalysisRunner will not be running.
RoslynAnalysisRunner has terminated.
Mono: successfully reloaded assembly
- Completed reload, in  6.057 seconds
Platform modules already initialized, skipping
Registering precompiled user dll's ...
Registered in 0.001453 seconds.
Begin MonoManager ReloadAssembly
Native extension for WindowsStandalone target not found
Refreshing native plugins compatible for Editor in 59.51 ms, found 1 plugins.
Preloading 0 native plugins for Editor in 0.00 ms.
Invoked RoslynAnalysisRunner static constructor.
RoslynAnalysisRunner will not be running.
RoslynAnalysisRunner has terminated.
Mono: successfully reloaded assembly
- Completed reload, in  1.385 seconds
Platform modules already initialized, skipping
========================================================================
Worker process is ready to serve import requests
Launched and connected shader compiler UnityShaderCompiler.exe after 0.07 seconds
Refreshing native plugins compatible for Editor in 0.43 ms, found 1 plugins.
Preloading 0 native plugins for Editor in 0.00 ms.
Unloading 1809 Unused Serialized files (Serialized files now loaded: 0)
System memory in use before: 87.6 MB.
System memory in use after: 87.5 MB.

Unloading 24 unused Assets to reduce memory usage. Loaded Objects now: 2250.
Total: 3.332800 ms (FindLiveObjects: 0.293800 ms CreateObjectMapping: 0.120700 ms MarkObjects: 2.716800 ms  DeleteObjects: 0.199900 ms)

========================================================================
Received Import Request.
  path: Assets/Resources
  artifactKey: Guid(56631ca4e1926c74aa6bffd62eea5743) Importer(815301076,1909f56bfc062723c751e8b465ee728b)
Start importing Assets/Resources using Guid(56631ca4e1926c74aa6bffd62eea5743) Importer(815301076,1909f56bfc062723c751e8b465ee728b)  -> (artifact id: 'b5d142b0a518e401caeea75c21060eae') in 0.009450 seconds
  Import took 0.013971 seconds .

========================================================================
Received Import Request.
  Time since last request: 1.500392 seconds.
  path: Assets/Scrripts
  artifactKey: Guid(3473bbc758e3d8c42bbb2f3340c16cfa) Importer(815301076,1909f56bfc062723c751e8b465ee728b)
Start importing Assets/Scrripts using Guid(3473bbc758e3d8c42bbb2f3340c16cfa) Importer(815301076,1909f56bfc062723c751e8b465ee728b)  -> (artifact id: 'bbd8b09bee28f630d3974e7aaa07c9a9') in 0.003827 seconds
  Import took 0.010216 seconds .

========================================================================
Received Import Request.
  Time since last request: 79.646838 seconds.
  path: Assets/Resources/houchiTitle (1).png
  artifactKey: Guid(70596fd007b73a14ba32a2ef3a6e1de4) Importer(815301076,1909f56bfc062723c751e8b465ee728b)
Start importing Assets/Resources/houchiTitle (1).png using Guid(70596fd007b73a14ba32a2ef3a6e1de4) Importer(815301076,1909f56bfc062723c751e8b465ee728b)  -> (artifact id: '77eabe1b21f60bbc72cb2dd94eda2ac3') in 0.235771 seconds
  Import took 0.244230 seconds .

========================================================================
Received Import Request.
  Time since last request: 101.329008 seconds.
  path: Assets/Resources/IMages
  artifactKey: Guid(54c0561722bb4ba4e8c41ddee6ef25b4) Importer(815301076,1909f56bfc062723c751e8b465ee728b)
Start importing Assets/Resources/IMages using Guid(54c0561722bb4ba4e8c41ddee6ef25b4) Importer(815301076,1909f56bfc062723c751e8b465ee728b)  -> (artifact id: '252f44cd347218e3ff3c1602a497dfdb') in 0.005392 seconds
  Import took 0.012156 seconds .

========================================================================
Received Import Request.
  Time since last request: 6.972361 seconds.
  path: Assets/Resources/Images
  artifactKey: Guid(54c0561722bb4ba4e8c41ddee6ef25b4) Importer(815301076,1909f56bfc062723c751e8b465ee728b)
Start importing Assets/Resources/Images using Guid(54c0561722bb4ba4e8c41ddee6ef25b4) Importer(815301076,1909f56bfc062723c751e8b465ee728b)  -> (artifact id: '4163235a003e4573cf8e1c091f7141c8') in 0.004383 seconds
  Import took 0.011442 seconds .

========================================================================
Received Import Request.
  Time since last request: 737.519803 seconds.
  path: Assets/Scenes/SampleScene.unity
  artifactKey: Guid(2cda990e2423bbf4892e6590ba056729) Importer(815301076,1909f56bfc062723c751e8b465ee728b)
Start importing Assets/Scenes/SampleScene.unity using Guid(2cda990e2423bbf4892e6590ba056729) Importer(815301076,1909f56bfc062723c751e8b465ee728b)  -> (artifact id: '0a59ef0011206403181b6dace8b464c4') in 0.012468 seconds
  Import took 0.027128 seconds .

========================================================================
Received Import Request.
  Time since last request: 14.092499 seconds.
  path: Assets/Scenes/TitleScene.unity
  artifactKey: Guid(2cda990e2423bbf4892e6590ba056729) Importer(815301076,1909f56bfc062723c751e8b465ee728b)
Start importing Assets/Scenes/TitleScene.unity using Guid(2cda990e2423bbf4892e6590ba056729) Importer(815301076,1909f56bfc062723c751e8b465ee728b)  -> (artifact id: 'e4dc7462922c45b25188d8fa0566b705') in 0.004665 seconds
  Import took 0.015209 seconds .

========================================================================
Received Import Request.
  Time since last request: 21.302603 seconds.
  path: Assets/Scenes/Title.unity
  artifactKey: Guid(2cda990e2423bbf4892e6590ba056729) Importer(815301076,1909f56bfc062723c751e8b465ee728b)
Start importing Assets/Scenes/Title.unity using Guid(2cda990e2423bbf4892e6590ba056729) Importer(815301076,1909f56bfc062723c751e8b465ee728b)  -> (artifact id: 'ac6f7195690036284f7f98a237c926e2') in 0.008719 seconds
  Import took 0.017578 seconds .

========================================================================
Received Import Request.
  Time since last request: 902.061064 seconds.
  path: Assets/Scripts
  artifactKey: Guid(3473bbc758e3d8c42bbb2f3340c16cfa) Importer(815301076,1909f56bfc062723c751e8b465ee728b)
Start importing Assets/Scripts using Guid(3473bbc758e3d8c42bbb2f3340c16cfa) Importer(815301076,1909f56bfc062723c751e8b465ee728b)  -> (artifact id: '244c9c0caf8ce5bc3d47c1b0783b0af5') in 0.010284 seconds
  Import took 0.017368 seconds .

========================================================================
Received Import Request.
  Time since last request: 20.198330 seconds.
  path: Assets/Scripts/TitleManager.cs
  artifactKey: Guid(dcb80abb6724899489de3cf36aa64f8d) Importer(815301076,1909f56bfc062723c751e8b465ee728b)
Start importing Assets/Scripts/TitleManager.cs using Guid(dcb80abb6724899489de3cf36aa64f8d) Importer(815301076,1909f56bfc062723c751e8b465ee728b)  -> (artifact id: 'dd06b8f3f40ec15a7e69bbd28f117c19') in 0.017159 seconds
  Import took 0.022259 seconds .

========================================================================
Received Prepare
Registering precompiled user dll's ...
Registered in 0.001374 seconds.
Begin MonoManager ReloadAssembly
Native extension for WindowsStandalone target not found
Refreshing native plugins compatible for Editor in 0.43 ms, found 1 plugins.
Preloading 0 native plugins for Editor in 0.00 ms.
Invoked RoslynAnalysisRunner static constructor.
RoslynAnalysisRunner will not be running.
RoslynAnalysisRunner has terminated.
Mono: successfully reloaded assembly
- Completed reload, in  1.353 seconds
Platform modules already initialized, skipping
Switching build target platform(5) subTarget(0) extendedPlatform(0) -> platform(13) subTarget(537395200) extendedPlatform(0)
Refreshing native plugins compatible for Editor in 0.43 ms, found 1 plugins.
Preloading 0 native plugins for Editor in 0.00 ms.
Unloading 1808 Unused Serialized files (Serialized files now loaded: 0)
System memory in use before: 90.7 MB.
System memory in use after: 90.6 MB.

Unloading 12 unused Assets to reduce memory usage. Loaded Objects now: 2261.
Total: 2.768300 ms (FindLiveObjects: 0.437600 ms CreateObjectMapping: 0.147100 ms MarkObjects: 2.057700 ms  DeleteObjects: 0.124700 ms)

AssetImportParameters requested are different than current active one (requested -> active):
  custom:graphics/normal-map-encoding: 01000000000000000000000000000000 -> 02000000000000000000000000000000
========================================================================
Received Prepare
Registering precompiled user dll's ...
Registered in 0.001527 seconds.
Begin MonoManager ReloadAssembly
Native extension for WindowsStandalone target not found
Refreshing native plugins compatible for Editor in 0.40 ms, found 1 plugins.
Preloading 0 native plugins for Editor in 0.00 ms.
Invoked RoslynAnalysisRunner static constructor.
RoslynAnalysisRunner will not be running.
RoslynAnalysisRunner has terminated.
Mono: successfully reloaded assembly
- Completed reload, in  1.151 seconds
Platform modules already initialized, skipping
Switching build target platform(5) subTarget(0) extendedPlatform(0) -> platform(13) subTarget(537395200) extendedPlatform(0)
Refreshing native plugins compatible for Editor in 0.41 ms, found 1 plugins.
Preloading 0 native plugins for Editor in 0.00 ms.
Unloading 1808 Unused Serialized files (Serialized files now loaded: 0)
System memory in use before: 90.7 MB.
System memory in use after: 90.7 MB.

Unloading 12 unused Assets to reduce memory usage. Loaded Objects now: 2265.
Total: 6.822500 ms (FindLiveObjects: 0.422500 ms CreateObjectMapping: 0.200100 ms MarkObjects: 5.870100 ms  DeleteObjects: 0.326800 ms)

AssetImportParameters requested are different than current active one (requested -> active):
  custom:graphics/normal-map-encoding: 01000000000000000000000000000000 -> 02000000000000000000000000000000
========================================================================
Received Import Request.
  Time since last request: 234.108045 seconds.
  path: Assets/Scripts/TitleManager.cs
  artifactKey: Guid(dcb80abb6724899489de3cf36aa64f8d) Importer(815301076,1909f56bfc062723c751e8b465ee728b)
Start importing Assets/Scripts/TitleManager.cs using Guid(dcb80abb6724899489de3cf36aa64f8d) Importer(815301076,1909f56bfc062723c751e8b465ee728b)  -> (artifact id: '5b07c3958a6c2c7cd6c054346667ab97') in 0.013792 seconds
  Import took 0.024952 seconds .

========================================================================
Received Import Request.
  Time since last request: 214.842920 seconds.
  path: Assets/Scenes
  artifactKey: Guid(76e65de8ae6b51045b85b8fb9cee1b26) Importer(815301076,1909f56bfc062723c751e8b465ee728b)
Start importing Assets/Scenes using Guid(76e65de8ae6b51045b85b8fb9cee1b26) Importer(815301076,1909f56bfc062723c751e8b465ee728b)  -> (artifact id: '776d68e3e9891ef176b59631c2a7fb70') in 0.024690 seconds
  Import took 0.039009 seconds .

========================================================================
Received Import Request.
  Time since last request: 30.579624 seconds.
  path: Assets/Scenes/MainGameScene.unity
  artifactKey: Guid(1dab3e7122aa7c14e90f9d0637d5e528) Importer(815301076,1909f56bfc062723c751e8b465ee728b)
Start importing Assets/Scenes/MainGameScene.unity using Guid(1dab3e7122aa7c14e90f9d0637d5e528) Importer(815301076,1909f56bfc062723c751e8b465ee728b)  -> (artifact id: 'ca45bd42d288325d11edca6c40a5d012') in 0.023718 seconds
  Import took 0.032395 seconds .

========================================================================
Received Import Request.
  Time since last request: 0.001780 seconds.
  path: Assets/Scenes/MainGameScene.unity
  artifactKey: Guid(1dab3e7122aa7c14e90f9d0637d5e528) Importer(815301076,1909f56bfc062723c751e8b465ee728b)
Start importing Assets/Scenes/MainGameScene.unity using Guid(1dab3e7122aa7c14e90f9d0637d5e528) Importer(815301076,1909f56bfc062723c751e8b465ee728b)  -> (artifact id: 'ca45bd42d288325d11edca6c40a5d012') in 0.004387 seconds
  Import took 0.010846 seconds .

========================================================================
Received Import Request.
  Time since last request: 19.480610 seconds.
  path: Assets/Scenes/TitleScene.unity
  artifactKey: Guid(2cda990e2423bbf4892e6590ba056729) Importer(815301076,1909f56bfc062723c751e8b465ee728b)
Start importing Assets/Scenes/TitleScene.unity using Guid(2cda990e2423bbf4892e6590ba056729) Importer(815301076,1909f56bfc062723c751e8b465ee728b)  -> (artifact id: '4cb93ef31dce4ff16c7482b373808e9b') in 0.004655 seconds
  Import took 0.011458 seconds .

========================================================================
Received Prepare
Registering precompiled user dll's ...
Registered in 0.001535 seconds.
Begin MonoManager ReloadAssembly
Native extension for WindowsStandalone target not found
Refreshing native plugins compatible for Editor in 0.44 ms, found 1 plugins.
Preloading 0 native plugins for Editor in 0.00 ms.
Invoked RoslynAnalysisRunner static constructor.
RoslynAnalysisRunner will not be running.
RoslynAnalysisRunner has terminated.
Mono: successfully reloaded assembly
- Completed reload, in  1.243 seconds
Platform modules already initialized, skipping
Switching build target platform(5) subTarget(0) extendedPlatform(0) -> platform(13) subTarget(537395200) extendedPlatform(0)
Refreshing native plugins compatible for Editor in 0.54 ms, found 1 plugins.
Preloading 0 native plugins for Editor in 0.00 ms.
Unloading 1808 Unused Serialized files (Serialized files now loaded: 0)
System memory in use before: 90.7 MB.
System memory in use after: 90.7 MB.

Unloading 12 unused Assets to reduce memory usage. Loaded Objects now: 2269.
Total: 2.831700 ms (FindLiveObjects: 0.317800 ms CreateObjectMapping: 0.104500 ms MarkObjects: 2.263700 ms  DeleteObjects: 0.144100 ms)

AssetImportParameters requested are different than current active one (requested -> active):
  custom:graphics/normal-map-encoding: 01000000000000000000000000000000 -> 02000000000000000000000000000000
========================================================================
Received Prepare
Registering precompiled user dll's ...
Registered in 0.001509 seconds.
Begin MonoManager ReloadAssembly
Native extension for WindowsStandalone target not found
Refreshing native plugins compatible for Editor in 0.46 ms, found 1 plugins.
Preloading 0 native plugins for Editor in 0.00 ms.
Invoked RoslynAnalysisRunner static constructor.
RoslynAnalysisRunner will not be running.
RoslynAnalysisRunner has terminated.
Mono: successfully reloaded assembly
- Completed reload, in  1.239 seconds
Platform modules already initialized, skipping
Switching build target platform(5) subTarget(0) extendedPlatform(0) -> platform(13) subTarget(537395200) extendedPlatform(0)
Refreshing native plugins compatible for Editor in 0.42 ms, found 1 plugins.
Preloading 0 native plugins for Editor in 0.00 ms.
Unloading 1808 Unused Serialized files (Serialized files now loaded: 0)
System memory in use before: 90.8 MB.
System memory in use after: 90.7 MB.

Unloading 12 unused Assets to reduce memory usage. Loaded Objects now: 2273.
Total: 3.038500 ms (FindLiveObjects: 0.377300 ms CreateObjectMapping: 0.126000 ms MarkObjects: 2.384000 ms  DeleteObjects: 0.149800 ms)

AssetImportParameters requested are different than current active one (requested -> active):
  custom:graphics/normal-map-encoding: 01000000000000000000000000000000 -> 02000000000000000000000000000000
========================================================================
Received Prepare
Registering precompiled user dll's ...
Registered in 0.002156 seconds.
Begin MonoManager ReloadAssembly
Native extension for WindowsStandalone target not found
Refreshing native plugins compatible for Editor in 1.10 ms, found 1 plugins.
Preloading 0 native plugins for Editor in 0.00 ms.
Invoked RoslynAnalysisRunner static constructor.
RoslynAnalysisRunner will not be running.
RoslynAnalysisRunner has terminated.
Mono: successfully reloaded assembly
- Completed reload, in  1.408 seconds
Platform modules already initialized, skipping
Switching build target platform(5) subTarget(0) extendedPlatform(0) -> platform(13) subTarget(537395200) extendedPlatform(0)
Refreshing native plugins compatible for Editor in 0.42 ms, found 1 plugins.
Preloading 0 native plugins for Editor in 0.00 ms.
Unloading 1808 Unused Serialized files (Serialized files now loaded: 0)
System memory in use before: 90.8 MB.
System memory in use after: 90.8 MB.

Unloading 12 unused Assets to reduce memory usage. Loaded Objects now: 2277.
Total: 3.142200 ms (FindLiveObjects: 0.217100 ms CreateObjectMapping: 0.076900 ms MarkObjects: 2.687300 ms  DeleteObjects: 0.159000 ms)

AssetImportParameters requested are different than current active one (requested -> active):
  custom:graphics/normal-map-encoding: 01000000000000000000000000000000 -> 02000000000000000000000000000000
AssetImportWorkerClient::OnTransportError - code=2 error=End of file
