Using pre-set license
Built from '2020.3/staging' branch; Version is '2020.3.3f1 (76626098c1c4) revision 7758432'; Using compiler version '192528614'; Build Type 'Release'
OS: 'Windows 10 Home; OS build 18363.1500; Version 1909; 64bit' Language: 'ja' Physical Memory: 16169 MB
BatchMode: 1, IsHumanControllingUs: 0, StartBugReporterOnCrash: 0, Is64bit: 1, IsPro: 0

 COMMAND LINE ARGUMENTS:
C:\Program Files\Unity\Hub\Editor\2020.3.3f1\Editor\Unity.exe
-adb2
-batchMode
-noUpm
-name
AssetImportWorker0
-projectPath
C:/Users/USER/OneDrive/デスクトップ/とりあえずゲーム/houti-game
-logFile
Logs/AssetImportWorker0.log
-srvPort
63332
Successfully changed project path to: C:/Users/USER/OneDrive/デスクトップ/とりあえずゲーム/houti-game
C:/Users/USER/OneDrive/デスクトップ/とりあえずゲーム/houti-game
Using Asset Import Pipeline V2.
Refreshing native plugins compatible for Editor in 32.53 ms, found 1 plugins.
Preloading 0 native plugins for Editor in 0.00 ms.
Initialize engine version: 2020.3.3f1 (76626098c1c4)
[Subsystems] Discovering subsystems at path C:/Program Files/Unity/Hub/Editor/2020.3.3f1/Editor/Data/Resources/UnitySubsystems
[Subsystems] Discovering subsystems at path C:/Users/USER/OneDrive/デスクトップ/とりあえずゲーム/houti-game/Assets
GfxDevice: creating device client; threaded=0
Direct3D:
    Version:  Direct3D 11.0 [level 11.1]
    Renderer: NVIDIA GeForce RTX 2060 (ID=0x1f15)
    Vendor:   
    VRAM:     5980 MB
    Driver:   27.21.14.5167
Initialize mono
Mono path[0] = 'C:/Program Files/Unity/Hub/Editor/2020.3.3f1/Editor/Data/Managed'
Mono path[1] = 'C:/Program Files/Unity/Hub/Editor/2020.3.3f1/Editor/Data/MonoBleedingEdge/lib/mono/unityjit'
Mono config path = 'C:/Program Files/Unity/Hub/Editor/2020.3.3f1/Editor/Data/MonoBleedingEdge/etc'
Using monoOptions --debugger-agent=transport=dt_socket,embedding=1,server=y,suspend=n,address=127.0.0.1:56356
Begin MonoManager ReloadAssembly
Registering precompiled unity dll's ...
Register platform support module: C:/Program Files/Unity/Hub/Editor/2020.3.3f1/Editor/Data/PlaybackEngines/WindowsStandaloneSupport/UnityEditor.WindowsStandalone.Extensions.dll
Registered in 0.002162 seconds.
Native extension for WindowsStandalone target not found
Refreshing native plugins compatible for Editor in 33.81 ms, found 1 plugins.
Preloading 0 native plugins for Editor in 0.00 ms.
Invoked RoslynAnalysisRunner static constructor.
RoslynAnalysisRunner will not be running.
RoslynAnalysisRunner has terminated.
Mono: successfully reloaded assembly
- Completed reload, in  1.887 seconds
Platform modules already initialized, skipping
Registering precompiled user dll's ...
Registered in 0.001045 seconds.
Begin MonoManager ReloadAssembly
Native extension for WindowsStandalone target not found
Refreshing native plugins compatible for Editor in 33.52 ms, found 1 plugins.
Preloading 0 native plugins for Editor in 0.00 ms.
Invoked RoslynAnalysisRunner static constructor.
RoslynAnalysisRunner will not be running.
RoslynAnalysisRunner has terminated.
Mono: successfully reloaded assembly
- Completed reload, in  0.818 seconds
Platform modules already initialized, skipping
========================================================================
Worker process is ready to serve import requests
Launched and connected shader compiler UnityShaderCompiler.exe after 0.04 seconds
Refreshing native plugins compatible for Editor in 0.56 ms, found 1 plugins.
Preloading 0 native plugins for Editor in 0.00 ms.
Unloading 1810 Unused Serialized files (Serialized files now loaded: 0)
System memory in use before: 88.2 MB.
System memory in use after: 88.2 MB.

Unloading 24 unused Assets to reduce memory usage. Loaded Objects now: 2252.
Total: 1.950300 ms (FindLiveObjects: 0.170800 ms CreateObjectMapping: 0.064700 ms MarkObjects: 1.510900 ms  DeleteObjects: 0.202000 ms)

========================================================================
Received Import Request.
  path: Assets/Scenes
  artifactKey: Guid(76e65de8ae6b51045b85b8fb9cee1b26) Importer(815301076,1909f56bfc062723c751e8b465ee728b)
Start importing Assets/Scenes using Guid(76e65de8ae6b51045b85b8fb9cee1b26) Importer(815301076,1909f56bfc062723c751e8b465ee728b)  -> (artifact id: '413a3fc17621502b7e81420b60b15fe0') in 0.004839 seconds
  Import took 0.007163 seconds .

========================================================================
Received Import Request.
  Time since last request: 0.000221 seconds.
  path: Assets/Scripts
  artifactKey: Guid(3473bbc758e3d8c42bbb2f3340c16cfa) Importer(815301076,1909f56bfc062723c751e8b465ee728b)
Start importing Assets/Scripts using Guid(3473bbc758e3d8c42bbb2f3340c16cfa) Importer(815301076,1909f56bfc062723c751e8b465ee728b)  -> (artifact id: 'b8205bfe98fabd6b397835f21ecc7153') in 0.002035 seconds
  Import took 0.004150 seconds .

========================================================================
Received Import Request.
  Time since last request: 0.044202 seconds.
  path: Assets/Scenes/Training
  artifactKey: Guid(fe142243716184e4e9dea51c8854e96a) Importer(815301076,1909f56bfc062723c751e8b465ee728b)
Start importing Assets/Scenes/Training using Guid(fe142243716184e4e9dea51c8854e96a) Importer(815301076,1909f56bfc062723c751e8b465ee728b)  -> (artifact id: 'cd8723644c401ef6037298f01a51b133') in 0.002358 seconds
  Import took 0.005116 seconds .

========================================================================
Received Import Request.
  Time since last request: 4.861947 seconds.
  path: Assets/Scenes/HomeScene.unity
  artifactKey: Guid(1dab3e7122aa7c14e90f9d0637d5e528) Importer(815301076,1909f56bfc062723c751e8b465ee728b)
Start importing Assets/Scenes/HomeScene.unity using Guid(1dab3e7122aa7c14e90f9d0637d5e528) Importer(815301076,1909f56bfc062723c751e8b465ee728b)  -> (artifact id: '51f6719ac2fed882f6b7b38cf96d5817') in 0.008651 seconds
  Import took 0.011116 seconds .

AssetImportWorkerClient::OnTransportError - code=2 error=End of file
